{
    "name": "data_flags",
    "val": {
        "FMITalon_20220930_17133600_00.json": {
            "data": {
                "ARSP": [
                    [
                        "Airspeed",
                        "mps"
                    ]
                ],
                "ATT": [
                    [
                        "Roll",
                        "deg"
                    ],
                    [
                        "Pitch",
                        "deg"
                    ],
                    [
                        "Yaw",
                        "deg"
                    ]
                ],
                "GPS": [
                    [
                        "Lat",
                        "deg"
                    ],
                    [
                        "Lng",
                        "deg"
                    ],
                    [
                        "Alt",
                        "m"
                    ],
                    [
                        "Spd",
                        "mps"
                    ]
                ],
                "BARO": [
                    [
                        "Press",
                        "Pa"
                    ]
                ]
            },
            "type": "FC Proc"
        },
        "FMITalon_UCASS-AD-FMI02-004_20220930_17141600_00.csv": {
            "data": {
                "cols": [
                    "Time",
                    "C1",
                    "C2",
                    "C3",
                    "C4",
                    "C5",
                    "C6",
                    "C7",
                    "C8",
                    "C9",
                    "C10",
                    "C11",
                    "C12",
                    "C13",
                    "C14",
                    "C15",
                    "C16",
                    [
                        "ToF1",
                        "tof"
                    ],
                    [
                        "ToF3",
                        "tof"
                    ],
                    [
                        "ToF5",
                        "tof"
                    ],
                    [
                        "ToF7",
                        "tof"
                    ],
                    [
                        "Period",
                        "pp"
                    ],
                    "CSum",
                    "Glitch",
                    "LToF",
                    "RejRat"
                ],
                "srow": "5",
                "procrows": {
                    "bbs": "3"
                }
            },
            "type": "UCASS"
        },
        "NaN": {
            "data": {
                "cols": [
                    "Time",
                    [
                        "Temp",
                        "degC"
                    ],
                    [
                        "Press",
                        "hPa"
                    ],
                    [
                        "RH",
                        "%"
                    ]
                ]
            },
            "type": "Met"
        }
    },
    "dtype": "dict",
    "unit": "n/a",
    "desc": "flags for data headers, read \"valid_flags\" config entry for details"
}
All flags valid
File check returns True
Processing file FMITalon_20220930_17133600_00.json
{'ARSP': [['Airspeed', 'mps']], 'ATT': [['Roll', 'deg'], ['Pitch', 'deg'], ['Yaw', 'deg']], 'GPS': [['Lat', 'deg'], ['Lng', 'deg'], ['Alt', 'm'], ['Spd', 'mps']], 'BARO': [['Press', 'Pa']]}
Airspeed is already at correct unit
Roll is already at correct unit
Pitch is already at correct unit
Yaw is already at correct unit
Lat is already at correct unit
Lng is already at correct unit
Alt is already at correct unit
Spd is already at correct unit
Press is already at correct unit
Time has no unit to convert
type has no unit to convert
date_time has no unit to convert
Processing file FMITalon_UCASS-AD-FMI02-004_20220930_17141600_00.csv
{'cols': ['Time', 'C1', 'C2', 'C3', 'C4', 'C5', 'C6', 'C7', 'C8', 'C9', 'C10', 'C11', 'C12', 'C13', 'C14', 'C15', 'C16', ['ToF1', 'tof'], ['ToF3', 'tof'], ['ToF5', 'tof'], ['ToF7', 'tof'], ['Period', 'pp'], 'CSum', 'Glitch', 'LToF', 'RejRat'], 'srow': '5', 'procrows': {'bbs': '3'}}
C1 has no unit to convert
C2 has no unit to convert
C3 has no unit to convert
C4 has no unit to convert
C5 has no unit to convert
C6 has no unit to convert
C7 has no unit to convert
C8 has no unit to convert
C9 has no unit to convert
C10 has no unit to convert
C11 has no unit to convert
C12 has no unit to convert
C13 has no unit to convert
C14 has no unit to convert
C15 has no unit to convert
C16 has no unit to convert
converting ToF1 from tof to us
converting ToF3 from tof to us
converting ToF5 from tof to us
converting ToF7 from tof to us
converting Period from pp to s
CSum has no unit to convert
Glitch has no unit to convert
LToF has no unit to convert
RejRat has no unit to convert
Time has no unit to convert
bbs has no unit to convert
type has no unit to convert
date_time has no unit to convert
No file of type Met for measurement
No calibration specifed, looking up from serial number
Calibration found for UCASS-AD-FMI02-004
Self check not implemented for MatrixDict
Self check not implemented for MatrixDict
type cannot be assigned to matrix column
date_time cannot be assigned to matrix column
bbs cannot be assigned to matrix column
Time cannot be assigned to matrix column
